Installing library in C:\Users\Vince\UChicago\Year 2 Quarter 1\LING 26040-1\Final\.cabal-sandbox\x86_64-windows-ghc-8.4.3\vector-0.12.0.1-GC2xzdMF0QQGz7ZCcRBJRL
st\dist-sandbox-26b905db\build\Data\Vector\Fusion\Util.o )
[ 2 of 21] Compiling Data.Vector.Fusion.Bundle.Size ( Data\Vector\Fusion\Bundle\Size.hs, dist\dist-sandbox-26b905db\build\Data\Vector\Fusion\Bundle\Size.o )
[ 3 of 21] Compiling Data.Vector.Generic.Mutable.Base ( Data\Vector\Generic\Mutable\Base.hs, dist\dist-sandbox-26b905db\build\Data\Vector\Generic\Mutable\Base.o )
[ 4 of 21] Compiling Data.Vector.Generic.Base ( Data\Vector\Generic\Base.hs, dist\dist-sandbox-26b905db\build\Data\Vector\Generic\Base.o )
[ 5 of 21] Compiling Data.Vector.Internal.Check ( Data\Vector\Internal\Check.hs, dist\dist-sandbox-26b905db\build\Data\Vector\Internal\Check.o )
[ 6 of 21] Compiling Data.Vector.Fusion.Stream.Monadic ( Data\Vector\Fusion\Stream\Monadic.hs, dist\dist-sandbox-26b905db\build\Data\Vector\Fusion\Stream\Monadic.o )
[ 7 of 21] Compiling Data.Vector.Fusion.Bundle.Monadic ( Data\Vector\Fusion\Bundle\Monadic.hs, dist\dist-sandbox-26b905db\build\Data\Vector\Fusion\Bundle\Monadic.o )
[ 8 of 21] Compiling Data.Vector.Fusion.Bundle ( Data\Vector\Fusion\Bundle.hs, dist\dist-sandbox-26b905db\build\Data\Vector\Fusion\Bundle.o )
[ 9 of 21] Compiling Data.Vector.Generic.Mutable ( Data\Vector\Generic\Mutable.hs, dist\dist-sandbox-26b905db\build\Data\Vector\Generic\Mutable.o )
[10 of 21] Compiling Data.Vector.Generic.New ( Data\Vector\Generic\New.hs, dist\dist-sandbox-26b905db\build\Data\Vector\Generic\New.o )
[11 of 21] Compiling Data.Vector.Generic ( Data\Vector\Generic.hs, dist\dist-sandbox-26b905db\build\Data\Vector\Generic.o )
[12 of 21] Compiling Data.Vector.Mutable ( Data\Vector\Mutable.hs, dist\dist-sandbox-26b905db\build\Data\Vector\Mutable.o )
[13 of 21] Compiling Data.Vector      ( Data\Vector.hs, dist\dist-sandbox-26b905db\build\Data\Vector.o )
[14 of 21] Compiling Data.Vector.Primitive.Mutable ( Data\Vector\Primitive\Mutable.hs, dist\dist-sandbox-26b905db\build\Data\Vector\Primitive\Mutable.o )
[15 of 21] Compiling Data.Vector.Primitive ( Data\Vector\Primitive.hs, dist\dist-sandbox-26b905db\build\Data\Vector\Primitive.o )
[16 of 21] Compiling Data.Vector.Storable.Internal ( Data\Vector\Storable\Internal.hs, dist\dist-sandbox-26b905db\build\Data\Vector\Storable\Internal.o )

Data\Vector\Storable\Internal.hs:17:1: warning: [-Wunused-imports]
    The import of `Foreign.ForeignPtr' is redundant
      except perhaps to import instances from `Foreign.ForeignPtr'
    To import instances alone, use: import Foreign.ForeignPtr()
   |
17 | import Foreign.ForeignPtr
   | ^^^^^^^^^^^^^^^^^^^^^^^^^

Data\Vector\Storable\Internal.hs:18:1: warning: [-Wunused-imports]
    The import of `Foreign.Ptr' is redundant
      except perhaps to import instances from `Foreign.Ptr'
    To import instances alone, use: import Foreign.Ptr()
   |
18 | import Foreign.Ptr
   | ^^^^^^^^^^^^^^^^^^
[17 of 21] Compiling Data.Vector.Storable.Mutable ( Data\Vector\Storable\Mutable.hs, dist\dist-sandbox-26b905db\build\Data\Vector\Storable\Mutable.o )

Data\Vector\Storable\Mutable.hs:77:1: warning: [-Wunused-imports]
    The import of `Foreign.Ptr' is redundant
      except perhaps to import instances from `Foreign.Ptr'
    To import instances alone, use: import Foreign.Ptr()
   |
77 | import Foreign.Ptr
   | ^^^^^^^^^^^^^^^^^^
[18 of 21] Compiling Data.Vector.Storable ( Data\Vector\Storable.hs, dist\dist-sandbox-26b905db\build\Data\Vector\Storable.o )
[19 of 21] Compiling Data.Vector.Unboxed.Base ( Data\Vector\Unboxed\Base.hs, dist\dist-sandbox-26b905db\build\Data\Vector\Unboxed\Base.o )
[20 of 21] Compiling Data.Vector.Unboxed ( Data\Vector\Unboxed.hs, dist\dist-sandbox-26b905db\build\Data\Vector\Unboxed.o )
[21 of 21] Compiling Data.Vector.Unboxed.Mutable ( Data\Vector\Unboxed\Mutable.hs, dist\dist-sandbox-26b905db\build\Data\Vector\Unboxed\Mutable.o )
ignoring (possibly broken) abi-depends field for packages
cabal: Leaving directory 'C:\Users\Vince\AppData\Local\Temp\cabal-tmp-12284\vector-0.12.0.1'
